0 info it worked if it ends with ok
1 verbose cli [ 'C:\\Program Files (x86)\\nodejs\\node.exe',
1 verbose cli   'C:\\Users\\Mario\\AppData\\Roaming\\npm\\node_modules\\npm\\bin\\npm-cli.js',
1 verbose cli   'start' ]
2 info using npm@3.10.9
3 info using node@v6.10.0
4 verbose run-script [ 'prestart', 'start', 'poststart' ]
5 info lifecycle servidor@1.0.0~prestart: servidor@1.0.0
6 silly lifecycle servidor@1.0.0~prestart: no script for prestart, continuing
7 info lifecycle servidor@1.0.0~start: servidor@1.0.0
8 verbose lifecycle servidor@1.0.0~start: unsafe-perm in lifecycle true
9 verbose lifecycle servidor@1.0.0~start: PATH: C:\Users\Mario\AppData\Roaming\npm\node_modules\npm\bin\node-gyp-bin;D:\GRADO\Proyecto\GitHub\Servidor\node_modules\.bin;C:\Users\Mario\AppData\Roaming\npm;C:\Program Files (x86)\nodejs\;C:\ProgramData\Oracle\Java\javapath;C:\Program Files (x86)\Intel\iCLS Client\;C:\Program Files\Intel\iCLS Client\;C:\Windows\system32;C:\Windows;C:\Windows\System32\Wbem;C:\Windows\System32\WindowsPowerShell\v1.0\;C:\Program Files\Intel\Intel(R) Management Engine Components\DAL;C:\Program Files (x86)\Intel\Intel(R) Management Engine Components\DAL;C:\Program Files\Intel\Intel(R) Management Engine Components\IPT;C:\Program Files (x86)\Intel\Intel(R) Management Engine Components\IPT;C:\Program Files (x86)\Windows Kits\8.1\Windows Performance Toolkit\;C:\Program Files\Microsoft SQL Server\110\Tools\Binn\;C:\Program Files (x86)\Microsoft SDKs\TypeScript\1.0\;C:\Program Files\MATLAB\R2012a\runtime\win64;C:\Program Files\MATLAB\R2012a\bin;C:\Program Files (x86)\Windows Live\Shared;C:\Program Files (x86)\NVIDIA Corporation\PhysX\Common;d:\matlab_6_1\bin\win32;C:\Program Files (x86)\nodejs\;C:\Program Files (x86)\Skype\Phone\;C:\Program Files\MongoDB\Server\3.2\bin;C:\Users\Mario\AppData\Local\atom\bin;C:\Users\Mario\AppData\Roaming\npm;C:\Program Files (x86)\Microsoft VS Code\bin
10 verbose lifecycle servidor@1.0.0~start: CWD: D:\GRADO\Proyecto\GitHub\Servidor
11 silly lifecycle servidor@1.0.0~start: Args: [ '/d /s /c', 'node app.js' ]
12 silly lifecycle servidor@1.0.0~start: Returned: code: 3221225786  signal: null
13 info lifecycle servidor@1.0.0~start: Failed to exec start script
14 verbose stack Error: servidor@1.0.0 start: `node app.js`
14 verbose stack Exit status 3221225786
14 verbose stack     at EventEmitter.<anonymous> (C:\Users\Mario\AppData\Roaming\npm\node_modules\npm\lib\utils\lifecycle.js:255:16)
14 verbose stack     at emitTwo (events.js:106:13)
14 verbose stack     at EventEmitter.emit (events.js:191:7)
14 verbose stack     at ChildProcess.<anonymous> (C:\Users\Mario\AppData\Roaming\npm\node_modules\npm\lib\utils\spawn.js:40:14)
14 verbose stack     at emitTwo (events.js:106:13)
14 verbose stack     at ChildProcess.emit (events.js:191:7)
14 verbose stack     at maybeClose (internal/child_process.js:877:16)
14 verbose stack     at Process.ChildProcess._handle.onexit (internal/child_process.js:226:5)
15 verbose pkgid servidor@1.0.0
16 verbose cwd D:\GRADO\Proyecto\GitHub\Servidor
17 error Windows_NT 6.3.9600
18 error argv "C:\\Program Files (x86)\\nodejs\\node.exe" "C:\\Users\\Mario\\AppData\\Roaming\\npm\\node_modules\\npm\\bin\\npm-cli.js" "start"
19 error node v6.10.0
20 error npm  v3.10.9
21 error code ELIFECYCLE
22 error servidor@1.0.0 start: `node app.js`
22 error Exit status 3221225786
23 error Failed at the servidor@1.0.0 start script 'node app.js'.
23 error Make sure you have the latest version of node.js and npm installed.
23 error If you do, this is most likely a problem with the servidor package,
23 error not with npm itself.
23 error Tell the author that this fails on your system:
23 error     node app.js
23 error You can get information on how to open an issue for this project with:
23 error     npm bugs servidor
23 error Or if that isn't available, you can get their info via:
23 error     npm owner ls servidor
23 error There is likely additional logging output above.
24 verbose exit [ 1, true ]
